2022-08-06 09:54:47.750  INFO 26240 --- [restartedMain] c.m.j.HtmlCssJsApplication               : Starting HtmlCssJsApplication using Java 18.0.2 on DESKTOP-OMSMR03 with PID 26240 (C:\Users\Medet Hasan\IdeaProjects\HtmlCssJs\target\classes started by Medet Hasan in C:\Users\Medet Hasan\IdeaProjects\HtmlCssJs)
2022-08-06 09:54:47.752  INFO 26240 --- [restartedMain] c.m.j.HtmlCssJsApplication               : No active profile set, falling back to 1 default profile: "default"
2022-08-06 09:54:47.814  INFO 26240 --- [restartedMain] .e.DevToolsPropertyDefaultsPostProcessor : Devtools property defaults active! Set 'spring.devtools.add-properties' to 'false' to disable
2022-08-06 09:54:47.814  INFO 26240 --- [restartedMain] .e.DevToolsPropertyDefaultsPostProcessor : For additional web related logging consider setting the 'logging.level.web' property to 'DEBUG'
2022-08-06 09:54:49.126  INFO 26240 --- [restartedMain] .s.d.r.c.RepositoryConfigurationDelegate : Bootstrapping Spring Data JPA repositories in DEFAULT mode.
2022-08-06 09:54:49.143  INFO 26240 --- [restartedMain] .s.d.r.c.RepositoryConfigurationDelegate : Finished Spring Data repository scanning in 6 ms. Found 0 JPA repository interfaces.
2022-08-06 09:54:49.798  INFO 26240 --- [restartedMain] o.s.b.w.embedded.tomcat.TomcatWebServer  : Tomcat initialized with port(s): 8080 (http)
2022-08-06 09:54:49.808  INFO 26240 --- [restartedMain] o.apache.catalina.core.StandardService   : Starting service [Tomcat]
2022-08-06 09:54:49.808  INFO 26240 --- [restartedMain] org.apache.catalina.core.StandardEngine  : Starting Servlet engine: [Apache Tomcat/9.0.65]
2022-08-06 09:54:49.889  INFO 26240 --- [restartedMain] o.a.c.c.C.[Tomcat].[localhost].[/]       : Initializing Spring embedded WebApplicationContext
2022-08-06 09:54:49.889  INFO 26240 --- [restartedMain] w.s.c.ServletWebServerApplicationContext : Root WebApplicationContext: initialization completed in 2074 ms
2022-08-06 09:54:50.037  INFO 26240 --- [restartedMain] com.zaxxer.hikari.HikariDataSource       : HikariPool-1 - Starting...
2022-08-06 09:54:50.202  INFO 26240 --- [restartedMain] com.zaxxer.hikari.HikariDataSource       : HikariPool-1 - Start completed.
2022-08-06 09:54:50.213  INFO 26240 --- [restartedMain] o.s.b.a.h2.H2ConsoleAutoConfiguration    : H2 console available at '/h2-console'. Database available at 'jdbc:h2:file:./memory_persist/denemedb'
2022-08-06 09:54:50.360  INFO 26240 --- [restartedMain] o.hibernate.jpa.internal.util.LogHelper  : HHH000204: Processing PersistenceUnitInfo [name: default]
2022-08-06 09:54:50.417  INFO 26240 --- [restartedMain] org.hibernate.Version                    : HHH000412: Hibernate ORM core version 5.6.10.Final
2022-08-06 09:54:50.587  INFO 26240 --- [restartedMain] o.hibernate.annotations.common.Version   : HCANN000001: Hibernate Commons Annotations {5.1.2.Final}
2022-08-06 09:54:50.698  INFO 26240 --- [restartedMain] org.hibernate.dialect.Dialect            : HHH000400: Using dialect: org.hibernate.dialect.H2Dialect
2022-08-06 09:54:50.878  INFO 26240 --- [restartedMain] o.h.e.t.j.p.i.JtaPlatformInitiator       : HHH000490: Using JtaPlatform implementation: [org.hibernate.engine.transaction.jta.platform.internal.NoJtaPlatform]
2022-08-06 09:54:50.885  INFO 26240 --- [restartedMain] j.LocalContainerEntityManagerFactoryBean : Initialized JPA EntityManagerFactory for persistence unit 'default'
2022-08-06 09:54:51.008  WARN 26240 --- [restartedMain] JpaBaseConfiguration$JpaWebConfiguration : spring.jpa.open-in-view is enabled by default. Therefore, database queries may be performed during view rendering. Explicitly configure spring.jpa.open-in-view to disable this warning
2022-08-06 09:54:51.562  WARN 26240 --- [restartedMain] ion$DefaultTemplateResolverConfiguration : Cannot find template location: classpath:/templates/ (please add some templates or check your Thymeleaf configuration)
2022-08-06 09:54:51.929  INFO 26240 --- [restartedMain] o.s.b.d.a.OptionalLiveReloadServer       : LiveReload server is running on port 35729
2022-08-06 09:54:51.937  INFO 26240 --- [restartedMain] o.s.b.a.e.web.EndpointLinksResolver      : Exposing 1 endpoint(s) beneath base path '/actuator'
2022-08-06 09:54:51.988  INFO 26240 --- [restartedMain] o.s.b.w.embedded.tomcat.TomcatWebServer  : Tomcat started on port(s): 8080 (http) with context path ''
2022-08-06 09:54:52.006  INFO 26240 --- [restartedMain] c.m.j.HtmlCssJsApplication               : Started HtmlCssJsApplication in 4.643 seconds (JVM running for 7.559)
2022-08-06 09:54:52.430  INFO 26240 --- [RMI TCP Connection(2)-192.168.218.169] o.a.c.c.C.[Tomcat].[localhost].[/]       : Initializing Spring DispatcherServlet 'dispatcherServlet'
2022-08-06 09:54:52.431  INFO 26240 --- [RMI TCP Connection(2)-192.168.218.169] o.s.web.servlet.DispatcherServlet        : Initializing Servlet 'dispatcherServlet'
2022-08-06 09:54:52.434  INFO 26240 --- [RMI TCP Connection(2)-192.168.218.169] o.s.web.servlet.DispatcherServlet        : Completed initialization in 3 ms
2022-08-06 09:56:49.291  INFO 26240 --- [SpringApplicationShutdownHook] j.LocalContainerEntityManagerFactoryBean : Closing JPA EntityManagerFactory for persistence unit 'default'
2022-08-06 09:56:49.299  INFO 26240 --- [SpringApplicationShutdownHook] com.zaxxer.hikari.HikariDataSource       : HikariPool-1 - Shutdown initiated...
2022-08-06 09:56:49.305  INFO 26240 --- [SpringApplicationShutdownHook] com.zaxxer.hikari.HikariDataSource       : HikariPool-1 - Shutdown completed.
